============================================================
Benchmark started: Fri Mar 13 01:55:47 UTC 2026
Log file: logs/aes256gcm_default.log
Command: openssl speed -elapsed -evp aes-256-gcm -seconds 10
============================================================
You have chosen to measure elapsed time instead of user CPU time.
Doing AES-256-GCM for 10s on 16 size blocks: 424903068 AES-256-GCM's in 10.01s
Doing AES-256-GCM for 10s on 64 size blocks: 270607881 AES-256-GCM's in 10.00s
Doing AES-256-GCM for 10s on 256 size blocks: 82994575 AES-256-GCM's in 9.99s
Doing AES-256-GCM for 10s on 1024 size blocks: 24325213 AES-256-GCM's in 10.73s
Doing AES-256-GCM for 10s on 8192 size blocks: 2897663 AES-256-GCM's in 10.00s
Doing AES-256-GCM for 10s on 16384 size blocks: 1353295 AES-256-GCM's in 10.00s
version: 3.0.12
built on: Tue Mar 10 03:24:34 2026 UTC
options: bn(64,64)
compiler: gcc -fPIC -pthread -m64 -Wa,--noexecstack -Wall -O3 -DOPENSSL_USE_NODELETE -DL_ENDIAN -DOPENSSL_PIC -DOPENSSL_BUILDING_OPENSSL -DNDEBUG
CPUINFO: OPENSSL_ia32cap=0xc2da2203478bffff:0x842509
The 'numbers' are in 1000s of bytes per second processed.
type             16 bytes     64 bytes    256 bytes   1024 bytes   8192 bytes  16384 bytes
AES-256-GCM     679165.74k  1731890.44k  2126787.91k  2321436.92k  2373765.53k  2217238.53k

============================================================
Benchmark finished: Fri Mar 13 01:56:48 UTC 2026
============================================================
