============================================================
Benchmark started: Fri Mar 13 01:59:48 UTC 2026
Log file: logs/chacha20poly1305_no_aesni.log
Command: env OPENSSL_ia32cap=~0x200000200000000 openssl speed -elapsed -evp chacha20-poly1305 -seconds 10
============================================================
You have chosen to measure elapsed time instead of user CPU time.
Doing ChaCha20-Poly1305 for 10s on 16 size blocks: 208345860 ChaCha20-Poly1305's in 9.99s
Doing ChaCha20-Poly1305 for 10s on 64 size blocks: 77473055 ChaCha20-Poly1305's in 10.00s
Doing ChaCha20-Poly1305 for 10s on 256 size blocks: 35178415 ChaCha20-Poly1305's in 9.99s
Doing ChaCha20-Poly1305 for 10s on 1024 size blocks: 8897604 ChaCha20-Poly1305's in 10.00s
Doing ChaCha20-Poly1305 for 10s on 8192 size blocks: 1115634 ChaCha20-Poly1305's in 9.98s
Doing ChaCha20-Poly1305 for 10s on 16384 size blocks: 559799 ChaCha20-Poly1305's in 10.01s
version: 3.0.12
built on: Tue Mar 10 03:24:34 2026 UTC
options: bn(64,64)
compiler: gcc -fPIC -pthread -m64 -Wa,--noexecstack -Wall -O3 -DOPENSSL_USE_NODELETE -DL_ENDIAN -DOPENSSL_PIC -DOPENSSL_BUILDING_OPENSSL -DNDEBUG
CPUINFO: OPENSSL_ia32cap=0xc0da2201478bffff:0x0 env:~0x200000200000000
The 'numbers' are in 1000s of bytes per second processed.
type             16 bytes     64 bytes    256 bytes   1024 bytes   8192 bytes  16384 bytes
ChaCha20-Poly1305   333687.06k   495827.55k   901468.89k   911114.65k   915758.89k   916258.42k

============================================================
Benchmark finished: Fri Mar 13 02:00:48 UTC 2026
============================================================
